-------------------------------------------------------------------------------
Test set: TestSuite
-------------------------------------------------------------------------------
Tests run: 1, Failures: 1, Errors: 0, Skipped: 0, Time elapsed: 4.037 s <<< FAILURE! - in TestSuite
verifyPrice(VerifyCarPrice)  Time elapsed: 2.227 s  <<< FAILURE!
java.lang.AssertionError: Actual is BW57 but expected is BW57BOF expected [BW57BOF] but found [BW57]
	at VerifyCarPrice.verifyPrice(VerifyCarPrice.java:70)

