<?xml version="1.0" encoding="UTF-8"?>
<testsuite xmlns:xsi="http://www.w3.org/2001/XMLSchema-instance" xsi:noNamespaceSchemaLocation="https://maven.apache.org/surefire/maven-surefire-plugin/xsd/surefire-test-report.xsd" name="TestSuite" time="4.037" tests="1" errors="0" skipped="0" failures="1">
  <properties>
[...]
</properties>
  <testcase name="verifyPrice" classname="VerifyCarPrice" time="2.227">
    <failure message="Actual is BW57 but expected is BW57BOF expected [BW57BOF] but found [BW57]" type="java.lang.AssertionError">java.lang.AssertionError: Actual is BW57 but expected is BW57BOF expected [BW57BOF] but found [BW57]
	at VerifyCarPrice.verifyPrice(VerifyCarPrice.java:70)
</failure>
    <system-out><![CDATA[﻿There are multiple websites avaiable to check current car value in United Kingdom.
The best of all is webuyanycar.com for intant valuation.
The other examples are autotrader.com and confused.com. 
Checking example BMW with registration DN09HRM the value of the car is roughly around £3000. 
REGISTRATION,MAKE,MODEL,COLOR,YEAR
SG18HTN,Volkswagen,Golf Se Navigation Tsi Evo,White,2018
DN09HRM,BMW,320D Se,Black,2009
BW57BOF,Toyota,Yaris T2,Black,2010
KT17DLX,Skoda,Superb Sportline Tdi S-A,White,2017
However car with registration BW57 BOW is not worth much in current market. 
REGISTRATION,MAKE,MODEL,COLOR,YEAR
SG18HTN,Volkswagen,Golf Se Navigation Tsi Evo,White,2018
DN09HRM,BMW,320D Se,Black,2009
BW57BOF,Toyota,Yaris T2,Black,2010
KT17DLX,Skoda,Superb Sportline Tdi S-A,White,2017
]]></system-out>
    <system-err><![CDATA[SLF4J: Failed to load class "org.slf4j.impl.StaticLoggerBinder".
SLF4J: Defaulting to no-operation (NOP) logger implementation
SLF4J: See http://www.slf4j.org/codes.html#StaticLoggerBinder for further details.
Starting ChromeDriver 83.0.4103.39 (ccbf011cb2d2b19b506d844400483861342c20cd-refs/branch-heads/4103@{#416}) on port 9077
Only local connections are allowed.
Please see https://chromedriver.chromium.org/security-considerations for suggestions on keeping ChromeDriver safe.
ChromeDriver was started successfully.
Jul 10, 2020 12:36:15 AM org.openqa.selenium.remote.ProtocolHandshake createSession
INFO: Detected dialect: W3C
]]></system-err>
  </testcase>
</testsuite>