<?xml version="1.0" encoding="UTF-8"?>
<!-- Generated by org.testng.reporters.JUnitXMLReporter -->
<testsuite hostname="sampaths-MacBook-Pro.local" ignored="0" tests="1" failures="1" timestamp="2020-07-10T00:36:17 BST" time="3.768" errors="0">
  <testcase name="verifyPrice" time="2.222" classname="VerifyCarPrice">
    <failure type="java.lang.AssertionError" message="Actual is BW57 but expected is BW57BOF expected [BW57BOF] but found [BW57]">
      <![CDATA[java.lang.AssertionError: Actual is BW57 but expected is BW57BOF expected [BW57BOF] but found [BW57]
at VerifyCarPrice.verifyPrice(VerifyCarPrice.java:70)
at java.util.ArrayList.forEach(ArrayList.java:1249)
at java.util.concurrent.FutureTask.run(FutureTask.java:266)
at java.util.concurrent.ThreadPoolExecutor.runWorker(ThreadPoolExecutor.java:1142)
at java.util.concurrent.ThreadPoolExecutor$Worker.run(ThreadPoolExecutor.java:617)
at java.lang.Thread.run(Thread.java:748)
... Removed 22 stack frames]]>
    </failure>
  </testcase> <!-- verifyPrice -->
</testsuite>
